Using pre-set license
Built from '2021.1/release' branch; Version is '2021.1.4f1 (4cd64a618c1b) revision 5035594'; Using compiler version '192528614'; Build Type 'Release'
OS: 'Windows 10 Pro; OS build 19042.928; Version 2009; 64bit' Language: 'en' Physical Memory: 32679 MB
BatchMode: 1, IsHumanControllingUs: 0, StartBugReporterOnCrash: 0, Is64bit: 1, IsPro: 0

 COMMAND LINE ARGUMENTS:
C:\Program Files\Unity\Hub\Editor\2021.1.4f1\Editor\Unity.exe
-adb2
-batchMode
-noUpm
-name
AssetImportWorker1
-projectPath
C:/Users/Bryce/Ludum Dare
-logFile
Logs/AssetImportWorker1.log
-srvPort
50093
Successfully changed project path to: C:/Users/Bryce/Ludum Dare
C:/Users/Bryce/Ludum Dare
Using Asset Import Pipeline V2.
Refreshing native plugins compatible for Editor in 40.72 ms, found 0 plugins.
Preloading 0 native plugins for Editor in 0.00 ms.
Initialize engine version: 2021.1.4f1 (4cd64a618c1b)
[Subsystems] Discovering subsystems at path C:/Program Files/Unity/Hub/Editor/2021.1.4f1/Editor/Data/Resources/UnitySubsystems
[Subsystems] Discovering subsystems at path C:/Users/Bryce/Ludum Dare/Assets
GfxDevice: creating device client; threaded=0; jobified=0
Direct3D:
    Version:  Direct3D 11.0 [level 11.1]
    Renderer: NVIDIA GeForce GTX 980 (ID=0x13c0)
    Vendor:   NVIDIA
    VRAM:     4053 MB
    Driver:   27.21.14.6140
Shader 'Universal Render Pipeline/Particles/Lit': fallback shader 'Universal Render Pipeline/Particles/SimpleLit' not found
Initialize mono
Mono path[0] = 'C:/Program Files/Unity/Hub/Editor/2021.1.4f1/Editor/Data/Managed'
Mono path[1] = 'C:/Program Files/Unity/Hub/Editor/2021.1.4f1/Editor/Data/MonoBleedingEdge/lib/mono/unityjit'
Mono config path = 'C:/Program Files/Unity/Hub/Editor/2021.1.4f1/Editor/Data/MonoBleedingEdge/etc'
Using monoOptions --debugger-agent=transport=dt_socket,embedding=1,server=y,suspend=n,address=127.0.0.1:56904
Begin MonoManager ReloadAssembly
Registering precompiled unity dll's ...
Register platform support module: C:/Program Files/Unity/Hub/Editor/2021.1.4f1/Editor/Data/PlaybackEngines/WebGLSupport/UnityEditor.WebGL.Extensions.dll
Register platform support module: C:/Program Files/Unity/Hub/Editor/2021.1.4f1/Editor/Data/PlaybackEngines/WindowsStandaloneSupport/UnityEditor.WindowsStandalone.Extensions.dll
Registered in 0.001599 seconds.
Native extension for WindowsStandalone target not found
Native extension for WebGL target not found
Refreshing native plugins compatible for Editor in 44.06 ms, found 0 plugins.
Preloading 0 native plugins for Editor in 0.00 ms.
Mono: successfully reloaded assembly
- Completed reload, in  0.983 seconds
Platform modules already initialized, skipping
Registering precompiled user dll's ...
Registered in 0.004017 seconds.
Begin MonoManager ReloadAssembly
Native extension for WindowsStandalone target not found
Native extension for WebGL target not found
Refreshing native plugins compatible for Editor in 41.05 ms, found 0 plugins.
Preloading 0 native plugins for Editor in 0.00 ms.
Mono: successfully reloaded assembly
- Completed reload, in  0.793 seconds
Platform modules already initialized, skipping
========================================================================
Worker process is ready to serve import requests
Shader 'Universal Render Pipeline/Particles/Lit': fallback shader 'Universal Render Pipeline/Particles/SimpleLit' not found
Launched and connected shader compiler UnityShaderCompiler.exe after 0.05 seconds
Refreshing native plugins compatible for Editor in 0.41 ms, found 0 plugins.
Preloading 0 native plugins for Editor in 0.00 ms.
Unloading 2669 Unused Serialized files (Serialized files now loaded: 0)
System memory in use before: 129.9 MB.
System memory in use after: 129.8 MB.

Unloading 28 unused Assets to reduce memory usage. Loaded Objects now: 3161.
Total: 2.137100 ms (FindLiveObjects: 0.210600 ms CreateObjectMapping: 0.123600 ms MarkObjects: 1.662500 ms  DeleteObjects: 0.139500 ms)

========================================================================
Received Import Request.
  path: Assets/Sounds
  artifactKey: Guid(12add47cf54864a4695e5ce0b3475744) Importer(815301076,1909f56bfc062723c751e8b465ee728b)
Start importing Assets/Sounds using Guid(12add47cf54864a4695e5ce0b3475744) Importer(815301076,1909f56bfc062723c751e8b465ee728b)  -> (artifact id: '64b5569fe0c456fac9f1996920e0f83b') in 0.006750 seconds 
========================================================================
Received Import Request.
  Time since last request: 13.091174 seconds.
  path: Assets/Sounds/Ouch.wav
  artifactKey: Guid(58d862c8fb6d305469ab67d7b86fa2d6) Importer(815301076,1909f56bfc062723c751e8b465ee728b)
Start importing Assets/Sounds/Ouch.wav using Guid(58d862c8fb6d305469ab67d7b86fa2d6) Importer(815301076,1909f56bfc062723c751e8b465ee728b)  -> (artifact id: '1c50efaea6fbe0fd18e82146e033becf') in 0.088641 seconds 
========================================================================
Received Import Request.
  Time since last request: 0.000183 seconds.
  path: Assets/Sounds/Ouch4.wav
  artifactKey: Guid(f251594534fd6c347a5044219ad62b5c) Importer(815301076,1909f56bfc062723c751e8b465ee728b)
Start importing Assets/Sounds/Ouch4.wav using Guid(f251594534fd6c347a5044219ad62b5c) Importer(815301076,1909f56bfc062723c751e8b465ee728b)  -> (artifact id: '8ad7d0387d4cc0a96df27dda49bf5957') in 0.008288 seconds 
========================================================================
Received Import Request.
  Time since last request: 0.000162 seconds.
  path: Assets/Sounds/Ouch2.wav
  artifactKey: Guid(6f0fd3d0f1c918343b684a2077aad33a) Importer(815301076,1909f56bfc062723c751e8b465ee728b)
Start importing Assets/Sounds/Ouch2.wav using Guid(6f0fd3d0f1c918343b684a2077aad33a) Importer(815301076,1909f56bfc062723c751e8b465ee728b)  -> (artifact id: '6897dc6679493df4bbfb05852b4596f9') in 0.009168 seconds 
========================================================================
Received Import Request.
  Time since last request: 0.000145 seconds.
  path: Assets/Sounds/Ouch3.wav
  artifactKey: Guid(921df727e81d51c4eb43903e700cbd63) Importer(815301076,1909f56bfc062723c751e8b465ee728b)
Start importing Assets/Sounds/Ouch3.wav using Guid(921df727e81d51c4eb43903e700cbd63) Importer(815301076,1909f56bfc062723c751e8b465ee728b)  -> (artifact id: '66ceb998afd5867525a9ab1b737b39f4') in 0.009176 seconds 
========================================================================
Received Prepare
Registering precompiled user dll's ...
Registered in 0.002170 seconds.
Begin MonoManager ReloadAssembly
Native extension for WindowsStandalone target not found
Native extension for WebGL target not found
Refreshing native plugins compatible for Editor in 0.42 ms, found 0 plugins.
Preloading 0 native plugins for Editor in 0.00 ms.
Mono: successfully reloaded assembly
- Completed reload, in  0.745 seconds
Platform modules already initialized, skipping
Shader 'Universal Render Pipeline/Particles/Lit': fallback shader 'Universal Render Pipeline/Particles/SimpleLit' not found
Refreshing native plugins compatible for Editor in 0.41 ms, found 0 plugins.
Preloading 0 native plugins for Editor in 0.00 ms.
Unloading 2538 Unused Serialized files (Serialized files now loaded: 0)
System memory in use before: 124.4 MB.
System memory in use after: 124.3 MB.

Unloading 19 unused Assets to reduce memory usage. Loaded Objects now: 3173.
Total: 1.809600 ms (FindLiveObjects: 0.171000 ms CreateObjectMapping: 0.091400 ms MarkObjects: 1.431100 ms  DeleteObjects: 0.115600 ms)

========================================================================
Received Prepare
Registering precompiled user dll's ...
Registered in 0.002202 seconds.
Begin MonoManager ReloadAssembly
Native extension for WindowsStandalone target not found
Native extension for WebGL target not found
Refreshing native plugins compatible for Editor in 0.40 ms, found 0 plugins.
Preloading 0 native plugins for Editor in 0.00 ms.
Mono: successfully reloaded assembly
- Completed reload, in  0.686 seconds
Platform modules already initialized, skipping
Shader 'Universal Render Pipeline/Particles/Lit': fallback shader 'Universal Render Pipeline/Particles/SimpleLit' not found
Refreshing native plugins compatible for Editor in 0.40 ms, found 0 plugins.
Preloading 0 native plugins for Editor in 0.00 ms.
Unloading 2538 Unused Serialized files (Serialized files now loaded: 0)
System memory in use before: 124.5 MB.
System memory in use after: 124.3 MB.

Unloading 19 unused Assets to reduce memory usage. Loaded Objects now: 3176.
Total: 2.085800 ms (FindLiveObjects: 0.180800 ms CreateObjectMapping: 0.099400 ms MarkObjects: 1.683000 ms  DeleteObjects: 0.122000 ms)

========================================================================
Received Prepare
Registering precompiled user dll's ...
Registered in 0.002239 seconds.
Begin MonoManager ReloadAssembly
Native extension for WindowsStandalone target not found
Native extension for WebGL target not found
Refreshing native plugins compatible for Editor in 0.41 ms, found 0 plugins.
Preloading 0 native plugins for Editor in 0.00 ms.
Mono: successfully reloaded assembly
- Completed reload, in  0.698 seconds
Platform modules already initialized, skipping
Shader 'Universal Render Pipeline/Particles/Lit': fallback shader 'Universal Render Pipeline/Particles/SimpleLit' not found
Refreshing native plugins compatible for Editor in 0.35 ms, found 0 plugins.
Preloading 0 native plugins for Editor in 0.00 ms.
Unloading 2538 Unused Serialized files (Serialized files now loaded: 0)
System memory in use before: 124.5 MB.
System memory in use after: 124.4 MB.

Unloading 19 unused Assets to reduce memory usage. Loaded Objects now: 3179.
Total: 2.026800 ms (FindLiveObjects: 0.176800 ms CreateObjectMapping: 0.094600 ms MarkObjects: 1.629100 ms  DeleteObjects: 0.125600 ms)

========================================================================
Received Prepare
Registering precompiled user dll's ...
Registered in 0.002285 seconds.
Begin MonoManager ReloadAssembly
Native extension for WindowsStandalone target not found
Native extension for WebGL target not found
Refreshing native plugins compatible for Editor in 0.41 ms, found 0 plugins.
Preloading 0 native plugins for Editor in 0.00 ms.
Mono: successfully reloaded assembly
- Completed reload, in  0.670 seconds
Platform modules already initialized, skipping
Shader 'Universal Render Pipeline/Particles/Lit': fallback shader 'Universal Render Pipeline/Particles/SimpleLit' not found
Refreshing native plugins compatible for Editor in 0.40 ms, found 0 plugins.
Preloading 0 native plugins for Editor in 0.00 ms.
Unloading 2538 Unused Serialized files (Serialized files now loaded: 0)
System memory in use before: 124.6 MB.
System memory in use after: 124.5 MB.

Unloading 19 unused Assets to reduce memory usage. Loaded Objects now: 3182.
Total: 1.949600 ms (FindLiveObjects: 0.199600 ms CreateObjectMapping: 0.115800 ms MarkObjects: 1.498000 ms  DeleteObjects: 0.135300 ms)

========================================================================
Received Prepare
Registering precompiled user dll's ...
Registered in 0.002218 seconds.
Begin MonoManager ReloadAssembly
Native extension for WindowsStandalone target not found
Native extension for WebGL target not found
Refreshing native plugins compatible for Editor in 0.42 ms, found 0 plugins.
Preloading 0 native plugins for Editor in 0.00 ms.
Mono: successfully reloaded assembly
- Completed reload, in  0.676 seconds
Platform modules already initialized, skipping
Shader 'Universal Render Pipeline/Particles/Lit': fallback shader 'Universal Render Pipeline/Particles/SimpleLit' not found
Refreshing native plugins compatible for Editor in 0.52 ms, found 0 plugins.
Preloading 0 native plugins for Editor in 0.00 ms.
Unloading 2538 Unused Serialized files (Serialized files now loaded: 0)
System memory in use before: 124.6 MB.
System memory in use after: 124.5 MB.

Unloading 19 unused Assets to reduce memory usage. Loaded Objects now: 3185.
Total: 2.056500 ms (FindLiveObjects: 0.203800 ms CreateObjectMapping: 0.086900 ms MarkObjects: 1.638600 ms  DeleteObjects: 0.126500 ms)

========================================================================
Received Prepare
Registering precompiled user dll's ...
Registered in 0.002283 seconds.
Begin MonoManager ReloadAssembly
Native extension for WindowsStandalone target not found
Native extension for WebGL target not found
Refreshing native plugins compatible for Editor in 0.43 ms, found 0 plugins.
Preloading 0 native plugins for Editor in 0.00 ms.
Mono: successfully reloaded assembly
- Completed reload, in  0.685 seconds
Platform modules already initialized, skipping
Shader 'Universal Render Pipeline/Particles/Lit': fallback shader 'Universal Render Pipeline/Particles/SimpleLit' not found
Refreshing native plugins compatible for Editor in 0.47 ms, found 0 plugins.
Preloading 0 native plugins for Editor in 0.00 ms.
Unloading 2538 Unused Serialized files (Serialized files now loaded: 0)
System memory in use before: 124.6 MB.
System memory in use after: 124.5 MB.

Unloading 19 unused Assets to reduce memory usage. Loaded Objects now: 3188.
Total: 1.900300 ms (FindLiveObjects: 0.182900 ms CreateObjectMapping: 0.099900 ms MarkObjects: 1.498000 ms  DeleteObjects: 0.118800 ms)

========================================================================
Received Prepare
Registering precompiled user dll's ...
Registered in 0.002310 seconds.
Begin MonoManager ReloadAssembly
Native extension for WindowsStandalone target not found
Native extension for WebGL target not found
Refreshing native plugins compatible for Editor in 0.40 ms, found 0 plugins.
Preloading 0 native plugins for Editor in 0.00 ms.
Mono: successfully reloaded assembly
- Completed reload, in  0.679 seconds
Platform modules already initialized, skipping
Shader 'Universal Render Pipeline/Particles/Lit': fallback shader 'Universal Render Pipeline/Particles/SimpleLit' not found
Refreshing native plugins compatible for Editor in 0.40 ms, found 0 plugins.
Preloading 0 native plugins for Editor in 0.00 ms.
Unloading 2538 Unused Serialized files (Serialized files now loaded: 0)
System memory in use before: 124.7 MB.
System memory in use after: 124.5 MB.

Unloading 19 unused Assets to reduce memory usage. Loaded Objects now: 3191.
Total: 1.958100 ms (FindLiveObjects: 0.196700 ms CreateObjectMapping: 0.089900 ms MarkObjects: 1.549800 ms  DeleteObjects: 0.120900 ms)

========================================================================
Received Prepare
Registering precompiled user dll's ...
Registered in 0.002240 seconds.
Begin MonoManager ReloadAssembly
Native extension for WindowsStandalone target not found
Native extension for WebGL target not found
Refreshing native plugins compatible for Editor in 0.41 ms, found 0 plugins.
Preloading 0 native plugins for Editor in 0.00 ms.
Mono: successfully reloaded assembly
- Completed reload, in  0.682 seconds
Platform modules already initialized, skipping
Shader 'Universal Render Pipeline/Particles/Lit': fallback shader 'Universal Render Pipeline/Particles/SimpleLit' not found
Refreshing native plugins compatible for Editor in 0.37 ms, found 0 plugins.
Preloading 0 native plugins for Editor in 0.00 ms.
Unloading 2538 Unused Serialized files (Serialized files now loaded: 0)
System memory in use before: 124.7 MB.
System memory in use after: 124.5 MB.

Unloading 19 unused Assets to reduce memory usage. Loaded Objects now: 3194.
Total: 1.900800 ms (FindLiveObjects: 0.174400 ms CreateObjectMapping: 0.090800 ms MarkObjects: 1.516100 ms  DeleteObjects: 0.119000 ms)

========================================================================
Received Prepare
Registering precompiled user dll's ...
Registered in 0.002181 seconds.
Begin MonoManager ReloadAssembly
Native extension for WindowsStandalone target not found
Native extension for WebGL target not found
Refreshing native plugins compatible for Editor in 0.39 ms, found 0 plugins.
Preloading 0 native plugins for Editor in 0.00 ms.
Mono: successfully reloaded assembly
- Completed reload, in  0.689 seconds
Platform modules already initialized, skipping
Shader 'Universal Render Pipeline/Particles/Lit': fallback shader 'Universal Render Pipeline/Particles/SimpleLit' not found
Refreshing native plugins compatible for Editor in 0.40 ms, found 0 plugins.
Preloading 0 native plugins for Editor in 0.00 ms.
Unloading 2538 Unused Serialized files (Serialized files now loaded: 0)
System memory in use before: 124.7 MB.
System memory in use after: 124.5 MB.

Unloading 19 unused Assets to reduce memory usage. Loaded Objects now: 3197.
Total: 1.911900 ms (FindLiveObjects: 0.177800 ms CreateObjectMapping: 0.096100 ms MarkObjects: 1.503600 ms  DeleteObjects: 0.133700 ms)

========================================================================
Received Prepare
Registering precompiled user dll's ...
Registered in 0.002215 seconds.
Begin MonoManager ReloadAssembly
Native extension for WindowsStandalone target not found
Native extension for WebGL target not found
Refreshing native plugins compatible for Editor in 0.40 ms, found 0 plugins.
Preloading 0 native plugins for Editor in 0.00 ms.
Mono: successfully reloaded assembly
- Completed reload, in  0.672 seconds
Platform modules already initialized, skipping
Shader 'Universal Render Pipeline/Particles/Lit': fallback shader 'Universal Render Pipeline/Particles/SimpleLit' not found
Refreshing native plugins compatible for Editor in 0.41 ms, found 0 plugins.
Preloading 0 native plugins for Editor in 0.00 ms.
Unloading 2538 Unused Serialized files (Serialized files now loaded: 0)
System memory in use before: 124.6 MB.
System memory in use after: 124.5 MB.

Unloading 19 unused Assets to reduce memory usage. Loaded Objects now: 3200.
Total: 2.088300 ms (FindLiveObjects: 0.194100 ms CreateObjectMapping: 0.084900 ms MarkObjects: 1.682000 ms  DeleteObjects: 0.126600 ms)

========================================================================
Received Prepare
Registering precompiled user dll's ...
Registered in 0.002303 seconds.
Begin MonoManager ReloadAssembly
Native extension for WindowsStandalone target not found
Native extension for WebGL target not found
Refreshing native plugins compatible for Editor in 0.41 ms, found 0 plugins.
Preloading 0 native plugins for Editor in 0.00 ms.
Mono: successfully reloaded assembly
- Completed reload, in  0.720 seconds
Platform modules already initialized, skipping
Shader 'Universal Render Pipeline/Particles/Lit': fallback shader 'Universal Render Pipeline/Particles/SimpleLit' not found
Refreshing native plugins compatible for Editor in 0.42 ms, found 0 plugins.
Preloading 0 native plugins for Editor in 0.00 ms.
Unloading 2538 Unused Serialized files (Serialized files now loaded: 0)
System memory in use before: 124.6 MB.
System memory in use after: 124.5 MB.

Unloading 19 unused Assets to reduce memory usage. Loaded Objects now: 3203.
Total: 2.114900 ms (FindLiveObjects: 0.179800 ms CreateObjectMapping: 0.097800 ms MarkObjects: 1.708700 ms  DeleteObjects: 0.127800 ms)

========================================================================
Received Prepare
Registering precompiled user dll's ...
Registered in 0.002342 seconds.
Begin MonoManager ReloadAssembly
Native extension for WindowsStandalone target not found
Native extension for WebGL target not found
Refreshing native plugins compatible for Editor in 0.42 ms, found 0 plugins.
Preloading 0 native plugins for Editor in 0.00 ms.
Mono: successfully reloaded assembly
- Completed reload, in  0.690 seconds
Platform modules already initialized, skipping
Shader 'Universal Render Pipeline/Particles/Lit': fallback shader 'Universal Render Pipeline/Particles/SimpleLit' not found
Refreshing native plugins compatible for Editor in 0.42 ms, found 0 plugins.
Preloading 0 native plugins for Editor in 0.00 ms.
Unloading 2538 Unused Serialized files (Serialized files now loaded: 0)
System memory in use before: 124.6 MB.
System memory in use after: 124.5 MB.

Unloading 19 unused Assets to reduce memory usage. Loaded Objects now: 3206.
Total: 2.035800 ms (FindLiveObjects: 0.196300 ms CreateObjectMapping: 0.093500 ms MarkObjects: 1.619900 ms  DeleteObjects: 0.125300 ms)

========================================================================
Received Prepare
Registering precompiled user dll's ...
Registered in 0.003738 seconds.
Begin MonoManager ReloadAssembly
Native extension for WindowsStandalone target not found
Native extension for WebGL target not found
Refreshing native plugins compatible for Editor in 0.42 ms, found 0 plugins.
Preloading 0 native plugins for Editor in 0.00 ms.
Mono: successfully reloaded assembly
- Completed reload, in  0.690 seconds
Platform modules already initialized, skipping
Shader 'Universal Render Pipeline/Particles/Lit': fallback shader 'Universal Render Pipeline/Particles/SimpleLit' not found
Refreshing native plugins compatible for Editor in 0.41 ms, found 0 plugins.
Preloading 0 native plugins for Editor in 0.00 ms.
Unloading 2538 Unused Serialized files (Serialized files now loaded: 0)
System memory in use before: 124.6 MB.
System memory in use after: 124.5 MB.

Unloading 19 unused Assets to reduce memory usage. Loaded Objects now: 3209.
Total: 2.047500 ms (FindLiveObjects: 0.190400 ms CreateObjectMapping: 0.080500 ms MarkObjects: 1.655800 ms  DeleteObjects: 0.120300 ms)

========================================================================
Received Prepare
Registering precompiled user dll's ...
Registered in 0.002189 seconds.
Begin MonoManager ReloadAssembly
Native extension for WindowsStandalone target not found
Native extension for WebGL target not found
Refreshing native plugins compatible for Editor in 0.40 ms, found 0 plugins.
Preloading 0 native plugins for Editor in 0.00 ms.
Mono: successfully reloaded assembly
- Completed reload, in  0.705 seconds
Platform modules already initialized, skipping
Shader 'Universal Render Pipeline/Particles/Lit': fallback shader 'Universal Render Pipeline/Particles/SimpleLit' not found
Refreshing native plugins compatible for Editor in 0.43 ms, found 0 plugins.
Preloading 0 native plugins for Editor in 0.00 ms.
Unloading 2538 Unused Serialized files (Serialized files now loaded: 0)
System memory in use before: 124.7 MB.
System memory in use after: 124.5 MB.

Unloading 19 unused Assets to reduce memory usage. Loaded Objects now: 3212.
Total: 1.923100 ms (FindLiveObjects: 0.177500 ms CreateObjectMapping: 0.095300 ms MarkObjects: 1.488000 ms  DeleteObjects: 0.161700 ms)

========================================================================
Received Import Request.
  Time since last request: 1246.587027 seconds.
  path: Assets/Sounds/Hurt.wav
  artifactKey: Guid(169ec134632c02b4b92ecd3ff5594a4d) Importer(815301076,1909f56bfc062723c751e8b465ee728b)
Start importing Assets/Sounds/Hurt.wav using Guid(169ec134632c02b4b92ecd3ff5594a4d) Importer(815301076,1909f56bfc062723c751e8b465ee728b)  -> (artifact id: 'c978515d096ac8281216231ed12aaa95') in 0.118985 seconds 
========================================================================
Received Import Request.
  Time since last request: 1.772760 seconds.
  path: Assets/Sounds/HeartPickup.wav
  artifactKey: Guid(7502fdae04a57e548a7acaa8456f87a2) Importer(815301076,1909f56bfc062723c751e8b465ee728b)
Start importing Assets/Sounds/HeartPickup.wav using Guid(7502fdae04a57e548a7acaa8456f87a2) Importer(815301076,1909f56bfc062723c751e8b465ee728b)  -> (artifact id: '488b7c0a94158121908e5f1e1a1a93f9') in 0.007190 seconds 
========================================================================
Received Import Request.
  Time since last request: 8.468369 seconds.
  path: Assets/Enemy Prefab.prefab
  artifactKey: Guid(3478edadde0ab834eb87f55e56b5162e) Importer(815301076,1909f56bfc062723c751e8b465ee728b)
Start importing Assets/Enemy Prefab.prefab using Guid(3478edadde0ab834eb87f55e56b5162e) Importer(815301076,1909f56bfc062723c751e8b465ee728b)  -> (artifact id: 'b1ada6a815bcb3f8336968034b185e28') in 0.119733 seconds 
========================================================================
Received Import Request.
  Time since last request: 11.743553 seconds.
  path: Assets/Animations
  artifactKey: Guid(f88df94ae7f1f8341a844197d3a012d6) Importer(815301076,1909f56bfc062723c751e8b465ee728b)
Start importing Assets/Animations using Guid(f88df94ae7f1f8341a844197d3a012d6) Importer(815301076,1909f56bfc062723c751e8b465ee728b)  -> (artifact id: 'c5261f89af3c3bd92c8e4835405d4eb8') in 0.004340 seconds 
========================================================================
Received Prepare
Registering precompiled user dll's ...
Registered in 0.002382 seconds.
Begin MonoManager ReloadAssembly
Native extension for WindowsStandalone target not found
Native extension for WebGL target not found
Refreshing native plugins compatible for Editor in 0.39 ms, found 0 plugins.
Preloading 0 native plugins for Editor in 0.00 ms.
Mono: successfully reloaded assembly
- Completed reload, in  0.724 seconds
Platform modules already initialized, skipping
Shader 'Universal Render Pipeline/Particles/Lit': fallback shader 'Universal Render Pipeline/Particles/SimpleLit' not found
Refreshing native plugins compatible for Editor in 0.40 ms, found 0 plugins.
Preloading 0 native plugins for Editor in 0.00 ms.
Unloading 2538 Unused Serialized files (Serialized files now loaded: 0)
System memory in use before: 127.0 MB.
System memory in use after: 126.8 MB.

Unloading 19 unused Assets to reduce memory usage. Loaded Objects now: 3254.
Total: 2.155000 ms (FindLiveObjects: 0.203200 ms CreateObjectMapping: 0.092400 ms MarkObjects: 1.737600 ms  DeleteObjects: 0.120900 ms)

========================================================================
Received Import Request.
  Time since last request: 62.585527 seconds.
  path: Assets/model.mtl
  artifactKey: Guid(4d2438af772a9c04bb0fe2acd3e21b35) Importer(815301076,1909f56bfc062723c751e8b465ee728b)
Start importing Assets/model.mtl using Guid(4d2438af772a9c04bb0fe2acd3e21b35) Importer(815301076,1909f56bfc062723c751e8b465ee728b)  -> (artifact id: '1ccc836e678aeb14201551110ce04b34') in 0.021599 seconds 
========================================================================
Received Import Request.
  Time since last request: 9.007473 seconds.
  path: Assets/20210423_213627.obj
  artifactKey: Guid(1953d6a0e3dd3f549a6da18fef030639) Importer(815301076,1909f56bfc062723c751e8b465ee728b)
Start importing Assets/20210423_213627.obj using Guid(1953d6a0e3dd3f549a6da18fef030639) Importer(815301076,1909f56bfc062723c751e8b465ee728b)  -> (artifact id: '6ecb5295ba9f4af29f46465911c4ed29') in 0.150547 seconds 
========================================================================
Received Prepare
Registering precompiled user dll's ...
Registered in 0.002141 seconds.
Begin MonoManager ReloadAssembly
Native extension for WindowsStandalone target not found
Native extension for WebGL target not found
Refreshing native plugins compatible for Editor in 0.41 ms, found 0 plugins.
Preloading 0 native plugins for Editor in 0.00 ms.
Mono: successfully reloaded assembly
- Completed reload, in  0.715 seconds
Platform modules already initialized, skipping
Shader 'Universal Render Pipeline/Particles/Lit': fallback shader 'Universal Render Pipeline/Particles/SimpleLit' not found
Refreshing native plugins compatible for Editor in 0.42 ms, found 0 plugins.
Preloading 0 native plugins for Editor in 0.00 ms.
Unloading 2538 Unused Serialized files (Serialized files now loaded: 0)
System memory in use before: 127.3 MB.
System memory in use after: 127.2 MB.

Unloading 19 unused Assets to reduce memory usage. Loaded Objects now: 3329.
Total: 2.010600 ms (FindLiveObjects: 0.204400 ms CreateObjectMapping: 0.093100 ms MarkObjects: 1.597000 ms  DeleteObjects: 0.115300 ms)

========================================================================
Received Import Request.
  Time since last request: 58.898265 seconds.
  path: Assets/Elite 1.mtl
  artifactKey: Guid(6748946896e3c6f48a3d9febc2692b64) Importer(815301076,1909f56bfc062723c751e8b465ee728b)
Start importing Assets/Elite 1.mtl using Guid(6748946896e3c6f48a3d9febc2692b64) Importer(815301076,1909f56bfc062723c751e8b465ee728b)  -> (artifact id: 'ca68103f0896cf286127a2ddf46d9327') in 0.019466 seconds 
========================================================================
Received Prepare
Registering precompiled user dll's ...
Registered in 0.002220 seconds.
Begin MonoManager ReloadAssembly
Native extension for WindowsStandalone target not found
Native extension for WebGL target not found
Refreshing native plugins compatible for Editor in 0.40 ms, found 0 plugins.
Preloading 0 native plugins for Editor in 0.00 ms.
Mono: successfully reloaded assembly
- Completed reload, in  0.740 seconds
Platform modules already initialized, skipping
Shader 'Universal Render Pipeline/Particles/Lit': fallback shader 'Universal Render Pipeline/Particles/SimpleLit' not found
Refreshing native plugins compatible for Editor in 0.42 ms, found 0 plugins.
Preloading 0 native plugins for Editor in 0.00 ms.
Unloading 2538 Unused Serialized files (Serialized files now loaded: 0)
System memory in use before: 127.3 MB.
System memory in use after: 127.1 MB.

Unloading 19 unused Assets to reduce memory usage. Loaded Objects now: 3332.
Total: 2.111900 ms (FindLiveObjects: 0.179800 ms CreateObjectMapping: 0.095200 ms MarkObjects: 1.718400 ms  DeleteObjects: 0.118000 ms)

========================================================================
Received Import Request.
  Time since last request: 56.633950 seconds.
  path: Assets/Enemy Prefab.prefab
  artifactKey: Guid(3478edadde0ab834eb87f55e56b5162e) Importer(815301076,1909f56bfc062723c751e8b465ee728b)
Start importing Assets/Enemy Prefab.prefab using Guid(3478edadde0ab834eb87f55e56b5162e) Importer(815301076,1909f56bfc062723c751e8b465ee728b)  -> (artifact id: 'fca36d06e6fb1838899ca7e37f7b6724') in 0.151738 seconds 
========================================================================
Received Prepare
Registering precompiled user dll's ...
Registered in 0.002584 seconds.
Begin MonoManager ReloadAssembly
Native extension for WindowsStandalone target not found
Native extension for WebGL target not found
Refreshing native plugins compatible for Editor in 0.40 ms, found 0 plugins.
Preloading 0 native plugins for Editor in 0.00 ms.
Mono: successfully reloaded assembly
- Completed reload, in  0.708 seconds
Platform modules already initialized, skipping
Shader 'Universal Render Pipeline/Particles/Lit': fallback shader 'Universal Render Pipeline/Particles/SimpleLit' not found
Refreshing native plugins compatible for Editor in 0.41 ms, found 0 plugins.
Preloading 0 native plugins for Editor in 0.00 ms.
Unloading 2538 Unused Serialized files (Serialized files now loaded: 0)
System memory in use before: 127.4 MB.
System memory in use after: 127.3 MB.

Unloading 19 unused Assets to reduce memory usage. Loaded Objects now: 3371.
Total: 2.290200 ms (FindLiveObjects: 0.231100 ms CreateObjectMapping: 0.151300 ms MarkObjects: 1.779000 ms  DeleteObjects: 0.128200 ms)

========================================================================
Received Import Request.
  Time since last request: 98.925058 seconds.
  path: Assets/Enemy Prefab.prefab
  artifactKey: Guid(3478edadde0ab834eb87f55e56b5162e) Importer(815301076,1909f56bfc062723c751e8b465ee728b)
Start importing Assets/Enemy Prefab.prefab using Guid(3478edadde0ab834eb87f55e56b5162e) Importer(815301076,1909f56bfc062723c751e8b465ee728b)  -> (artifact id: 'b6126e6af4ec1202c086ebd89d272f8f') in 0.132701 seconds 
========================================================================
Received Prepare
Registering precompiled user dll's ...
Registered in 0.002272 seconds.
Begin MonoManager ReloadAssembly
Native extension for WindowsStandalone target not found
Native extension for WebGL target not found
Refreshing native plugins compatible for Editor in 0.41 ms, found 0 plugins.
Preloading 0 native plugins for Editor in 0.00 ms.
Mono: successfully reloaded assembly
- Completed reload, in  0.717 seconds
Platform modules already initialized, skipping
Shader 'Universal Render Pipeline/Particles/Lit': fallback shader 'Universal Render Pipeline/Particles/SimpleLit' not found
Refreshing native plugins compatible for Editor in 0.42 ms, found 0 plugins.
Preloading 0 native plugins for Editor in 0.00 ms.
Unloading 2538 Unused Serialized files (Serialized files now loaded: 0)
System memory in use before: 127.4 MB.
System memory in use after: 127.3 MB.

Unloading 19 unused Assets to reduce memory usage. Loaded Objects now: 3410.
Total: 2.075000 ms (FindLiveObjects: 0.201900 ms CreateObjectMapping: 0.093900 ms MarkObjects: 1.655600 ms  DeleteObjects: 0.123000 ms)

========================================================================
Received Prepare
Registering precompiled user dll's ...
Registered in 0.002243 seconds.
Begin MonoManager ReloadAssembly
Native extension for WindowsStandalone target not found
Native extension for WebGL target not found
Refreshing native plugins compatible for Editor in 0.41 ms, found 0 plugins.
Preloading 0 native plugins for Editor in 0.00 ms.
Mono: successfully reloaded assembly
- Completed reload, in  0.702 seconds
Platform modules already initialized, skipping
Shader 'Universal Render Pipeline/Particles/Lit': fallback shader 'Universal Render Pipeline/Particles/SimpleLit' not found
Refreshing native plugins compatible for Editor in 0.45 ms, found 0 plugins.
Preloading 0 native plugins for Editor in 0.00 ms.
Unloading 2538 Unused Serialized files (Serialized files now loaded: 0)
System memory in use before: 127.4 MB.
System memory in use after: 127.3 MB.

Unloading 19 unused Assets to reduce memory usage. Loaded Objects now: 3413.
Total: 2.065900 ms (FindLiveObjects: 0.217000 ms CreateObjectMapping: 0.099000 ms MarkObjects: 1.629900 ms  DeleteObjects: 0.119300 ms)

========================================================================
Received Import Request.
  Time since last request: 129.200687 seconds.
  path: Assets/Enemy Prefab.prefab
  artifactKey: Guid(3478edadde0ab834eb87f55e56b5162e) Importer(815301076,1909f56bfc062723c751e8b465ee728b)
Start importing Assets/Enemy Prefab.prefab using Guid(3478edadde0ab834eb87f55e56b5162e) Importer(815301076,1909f56bfc062723c751e8b465ee728b)  -> (artifact id: '4aa899ec6604fa703363b1b4f8ff32b4') in 0.134030 seconds 
========================================================================
Received Prepare
Registering precompiled user dll's ...
Registered in 0.002182 seconds.
Begin MonoManager ReloadAssembly
Native extension for WindowsStandalone target not found
Native extension for WebGL target not found
Refreshing native plugins compatible for Editor in 0.44 ms, found 0 plugins.
Preloading 0 native plugins for Editor in 0.00 ms.
Mono: successfully reloaded assembly
- Completed reload, in  0.714 seconds
Platform modules already initialized, skipping
Shader 'Universal Render Pipeline/Particles/Lit': fallback shader 'Universal Render Pipeline/Particles/SimpleLit' not found
Refreshing native plugins compatible for Editor in 0.40 ms, found 0 plugins.
Preloading 0 native plugins for Editor in 0.00 ms.
Unloading 2538 Unused Serialized files (Serialized files now loaded: 0)
System memory in use before: 127.6 MB.
System memory in use after: 127.4 MB.

Unloading 19 unused Assets to reduce memory usage. Loaded Objects now: 3452.
Total: 2.467200 ms (FindLiveObjects: 0.236300 ms CreateObjectMapping: 0.107900 ms MarkObjects: 1.976100 ms  DeleteObjects: 0.145500 ms)

========================================================================
Received Prepare
Registering precompiled user dll's ...
Registered in 0.002512 seconds.
Begin MonoManager ReloadAssembly
Native extension for WindowsStandalone target not found
Native extension for WebGL target not found
Refreshing native plugins compatible for Editor in 0.42 ms, found 0 plugins.
Preloading 0 native plugins for Editor in 0.00 ms.
Mono: successfully reloaded assembly
- Completed reload, in  0.712 seconds
Platform modules already initialized, skipping
Shader 'Universal Render Pipeline/Particles/Lit': fallback shader 'Universal Render Pipeline/Particles/SimpleLit' not found
Refreshing native plugins compatible for Editor in 0.40 ms, found 0 plugins.
Preloading 0 native plugins for Editor in 0.00 ms.
Unloading 2538 Unused Serialized files (Serialized files now loaded: 0)
System memory in use before: 127.6 MB.
System memory in use after: 127.4 MB.

Unloading 19 unused Assets to reduce memory usage. Loaded Objects now: 3455.
Total: 2.287200 ms (FindLiveObjects: 0.218500 ms CreateObjectMapping: 0.099000 ms MarkObjects: 1.847200 ms  DeleteObjects: 0.121500 ms)

========================================================================
Received Import Request.
  Time since last request: 71.038606 seconds.
  path: Assets/Enemy Prefab.prefab
  artifactKey: Guid(3478edadde0ab834eb87f55e56b5162e) Importer(815301076,1909f56bfc062723c751e8b465ee728b)
Start importing Assets/Enemy Prefab.prefab using Guid(3478edadde0ab834eb87f55e56b5162e) Importer(815301076,1909f56bfc062723c751e8b465ee728b)  -> (artifact id: 'a379e98c99dbbb8f191504999fa6fcb7') in 0.134968 seconds 
========================================================================
Received Prepare
Registering precompiled user dll's ...
Registered in 0.002575 seconds.
Begin MonoManager ReloadAssembly
Native extension for WindowsStandalone target not found
Native extension for WebGL target not found
Refreshing native plugins compatible for Editor in 0.40 ms, found 0 plugins.
Preloading 0 native plugins for Editor in 0.00 ms.
Mono: successfully reloaded assembly
- Completed reload, in  0.730 seconds
Platform modules already initialized, skipping
Shader 'Universal Render Pipeline/Particles/Lit': fallback shader 'Universal Render Pipeline/Particles/SimpleLit' not found
Refreshing native plugins compatible for Editor in 0.42 ms, found 0 plugins.
Preloading 0 native plugins for Editor in 0.00 ms.
Unloading 2538 Unused Serialized files (Serialized files now loaded: 0)
System memory in use before: 127.6 MB.
System memory in use after: 127.5 MB.

Unloading 19 unused Assets to reduce memory usage. Loaded Objects now: 3494.
Total: 2.235200 ms (FindLiveObjects: 0.208700 ms CreateObjectMapping: 0.095200 ms MarkObjects: 1.798600 ms  DeleteObjects: 0.132100 ms)

========================================================================
Received Import Request.
  Time since last request: 66.313542 seconds.
  path: Assets/Enemy Prefab.prefab
  artifactKey: Guid(3478edadde0ab834eb87f55e56b5162e) Importer(815301076,1909f56bfc062723c751e8b465ee728b)
Start importing Assets/Enemy Prefab.prefab using Guid(3478edadde0ab834eb87f55e56b5162e) Importer(815301076,1909f56bfc062723c751e8b465ee728b)  -> (artifact id: 'cf577aa2ef6efefed4a87bb8ed6f8c4e') in 0.125281 seconds 
========================================================================
Received Prepare
Registering precompiled user dll's ...
Registered in 0.002346 seconds.
Begin MonoManager ReloadAssembly
Native extension for WindowsStandalone target not found
Native extension for WebGL target not found
Refreshing native plugins compatible for Editor in 0.40 ms, found 0 plugins.
Preloading 0 native plugins for Editor in 0.00 ms.
Mono: successfully reloaded assembly
- Completed reload, in  0.714 seconds
Platform modules already initialized, skipping
Shader 'Universal Render Pipeline/Particles/Lit': fallback shader 'Universal Render Pipeline/Particles/SimpleLit' not found
Refreshing native plugins compatible for Editor in 0.40 ms, found 0 plugins.
Preloading 0 native plugins for Editor in 0.00 ms.
Unloading 2538 Unused Serialized files (Serialized files now loaded: 0)
System memory in use before: 127.7 MB.
System memory in use after: 127.5 MB.

Unloading 19 unused Assets to reduce memory usage. Loaded Objects now: 3533.
Total: 2.344800 ms (FindLiveObjects: 0.250700 ms CreateObjectMapping: 0.113300 ms MarkObjects: 1.854200 ms  DeleteObjects: 0.125800 ms)

========================================================================
Received Import Request.
  Time since last request: 1776.956232 seconds.
  path: Assets/4752772017160192.wav
  artifactKey: Guid(54d62e764143a9542b4d34a5cc7290f7) Importer(815301076,1909f56bfc062723c751e8b465ee728b)
Start importing Assets/4752772017160192.wav using Guid(54d62e764143a9542b4d34a5cc7290f7) Importer(815301076,1909f56bfc062723c751e8b465ee728b)  -> (artifact id: '3677ba75d9b9f31a376bf147ba9b43ac') in 0.038631 seconds 
========================================================================
Received Import Request.
  Time since last request: 5.497422 seconds.
  path: Assets/Yuh.wav
  artifactKey: Guid(54d62e764143a9542b4d34a5cc7290f7) Importer(815301076,1909f56bfc062723c751e8b465ee728b)
Start importing Assets/Yuh.wav using Guid(54d62e764143a9542b4d34a5cc7290f7) Importer(815301076,1909f56bfc062723c751e8b465ee728b)  -> (artifact id: '55e7677b8d193136fcfff87aa19e186e') in 0.007531 seconds 
========================================================================
Received Import Request.
  Time since last request: 217.770724 seconds.
  path: Assets/UnitySong.wav
  artifactKey: Guid(9bd65357796979f4abac9050166f6034) Importer(815301076,1909f56bfc062723c751e8b465ee728b)
Start importing Assets/UnitySong.wav using Guid(9bd65357796979f4abac9050166f6034) Importer(815301076,1909f56bfc062723c751e8b465ee728b)  -> (artifact id: 'c6b46cb0119a9a2f08731be630887178') in 0.009640 seconds 
========================================================================
Received Prepare
Registering precompiled user dll's ...
Registered in 0.002343 seconds.
Begin MonoManager ReloadAssembly
Native extension for WindowsStandalone target not found
Native extension for WebGL target not found
Refreshing native plugins compatible for Editor in 0.41 ms, found 0 plugins.
Preloading 0 native plugins for Editor in 0.00 ms.
Mono: successfully reloaded assembly
- Completed reload, in  0.718 seconds
Platform modules already initialized, skipping
Shader 'Universal Render Pipeline/Particles/Lit': fallback shader 'Universal Render Pipeline/Particles/SimpleLit' not found
Refreshing native plugins compatible for Editor in 0.40 ms, found 0 plugins.
Preloading 0 native plugins for Editor in 0.00 ms.
Unloading 2538 Unused Serialized files (Serialized files now loaded: 0)
System memory in use before: 127.6 MB.
System memory in use after: 127.5 MB.

Unloading 19 unused Assets to reduce memory usage. Loaded Objects now: 3537.
Total: 2.222900 ms (FindLiveObjects: 0.196300 ms CreateObjectMapping: 0.087800 ms MarkObjects: 1.812400 ms  DeleteObjects: 0.125800 ms)

========================================================================
Received Prepare
Registering precompiled user dll's ...
Registered in 0.002224 seconds.
Begin MonoManager ReloadAssembly
Native extension for WindowsStandalone target not found
Native extension for WebGL target not found
Refreshing native plugins compatible for Editor in 0.41 ms, found 0 plugins.
Preloading 0 native plugins for Editor in 0.00 ms.
Mono: successfully reloaded assembly
- Completed reload, in  0.722 seconds
Platform modules already initialized, skipping
Shader 'Universal Render Pipeline/Particles/Lit': fallback shader 'Universal Render Pipeline/Particles/SimpleLit' not found
Refreshing native plugins compatible for Editor in 0.43 ms, found 0 plugins.
Preloading 0 native plugins for Editor in 0.00 ms.
Unloading 2538 Unused Serialized files (Serialized files now loaded: 0)
System memory in use before: 127.6 MB.
System memory in use after: 127.5 MB.

Unloading 19 unused Assets to reduce memory usage. Loaded Objects now: 3540.
Total: 2.231200 ms (FindLiveObjects: 0.194000 ms CreateObjectMapping: 0.088600 ms MarkObjects: 1.822300 ms  DeleteObjects: 0.125700 ms)

========================================================================
Received Prepare
Registering precompiled user dll's ...
Registered in 0.002174 seconds.
Begin MonoManager ReloadAssembly
Native extension for WindowsStandalone target not found
Native extension for WebGL target not found
Refreshing native plugins compatible for Editor in 0.45 ms, found 0 plugins.
Preloading 0 native plugins for Editor in 0.00 ms.
Mono: successfully reloaded assembly
- Completed reload, in  0.726 seconds
Platform modules already initialized, skipping
Shader 'Universal Render Pipeline/Particles/Lit': fallback shader 'Universal Render Pipeline/Particles/SimpleLit' not found
Refreshing native plugins compatible for Editor in 0.43 ms, found 0 plugins.
Preloading 0 native plugins for Editor in 0.00 ms.
Unloading 2538 Unused Serialized files (Serialized files now loaded: 0)
System memory in use before: 127.6 MB.
System memory in use after: 127.5 MB.

Unloading 19 unused Assets to reduce memory usage. Loaded Objects now: 3543.
Total: 2.170400 ms (FindLiveObjects: 0.210300 ms CreateObjectMapping: 0.102100 ms MarkObjects: 1.730900 ms  DeleteObjects: 0.126400 ms)

========================================================================
Received Prepare
Registering precompiled user dll's ...
Registered in 0.002257 seconds.
Begin MonoManager ReloadAssembly
Native extension for WindowsStandalone target not found
Native extension for WebGL target not found
Refreshing native plugins compatible for Editor in 0.41 ms, found 0 plugins.
Preloading 0 native plugins for Editor in 0.00 ms.
Mono: successfully reloaded assembly
- Completed reload, in  0.725 seconds
Platform modules already initialized, skipping
Shader 'Universal Render Pipeline/Particles/Lit': fallback shader 'Universal Render Pipeline/Particles/SimpleLit' not found
Refreshing native plugins compatible for Editor in 0.43 ms, found 0 plugins.
Preloading 0 native plugins for Editor in 0.00 ms.
Unloading 2538 Unused Serialized files (Serialized files now loaded: 0)
System memory in use before: 127.6 MB.
System memory in use after: 127.5 MB.

Unloading 19 unused Assets to reduce memory usage. Loaded Objects now: 3546.
Total: 2.284500 ms (FindLiveObjects: 0.259500 ms CreateObjectMapping: 0.098500 ms MarkObjects: 1.796200 ms  DeleteObjects: 0.129600 ms)

========================================================================
Received Prepare
Registering precompiled user dll's ...
Registered in 0.002244 seconds.
Begin MonoManager ReloadAssembly
Native extension for WindowsStandalone target not found
Native extension for WebGL target not found
Refreshing native plugins compatible for Editor in 0.41 ms, found 0 plugins.
Preloading 0 native plugins for Editor in 0.00 ms.
Mono: successfully reloaded assembly
- Completed reload, in  0.714 seconds
Platform modules already initialized, skipping
Shader 'Universal Render Pipeline/Particles/Lit': fallback shader 'Universal Render Pipeline/Particles/SimpleLit' not found
Refreshing native plugins compatible for Editor in 0.40 ms, found 0 plugins.
Preloading 0 native plugins for Editor in 0.00 ms.
Unloading 2538 Unused Serialized files (Serialized files now loaded: 0)
System memory in use before: 127.6 MB.
System memory in use after: 127.5 MB.

Unloading 19 unused Assets to reduce memory usage. Loaded Objects now: 3549.
Total: 2.259300 ms (FindLiveObjects: 0.226300 ms CreateObjectMapping: 0.085000 ms MarkObjects: 1.824100 ms  DeleteObjects: 0.123100 ms)

========================================================================
Received Prepare
Registering precompiled user dll's ...
Registered in 0.002241 seconds.
Begin MonoManager ReloadAssembly
Native extension for WindowsStandalone target not found
Native extension for WebGL target not found
Refreshing native plugins compatible for Editor in 0.43 ms, found 0 plugins.
Preloading 0 native plugins for Editor in 0.00 ms.
Mono: successfully reloaded assembly
- Completed reload, in  0.711 seconds
Platform modules already initialized, skipping
Shader 'Universal Render Pipeline/Particles/Lit': fallback shader 'Universal Render Pipeline/Particles/SimpleLit' not found
Refreshing native plugins compatible for Editor in 0.41 ms, found 0 plugins.
Preloading 0 native plugins for Editor in 0.00 ms.
Unloading 2538 Unused Serialized files (Serialized files now loaded: 0)
System memory in use before: 127.6 MB.
System memory in use after: 127.5 MB.

Unloading 19 unused Assets to reduce memory usage. Loaded Objects now: 3552.
Total: 2.287500 ms (FindLiveObjects: 0.226200 ms CreateObjectMapping: 0.096000 ms MarkObjects: 1.835900 ms  DeleteObjects: 0.128800 ms)

========================================================================
Received Prepare
Registering precompiled user dll's ...
Registered in 0.002775 seconds.
Begin MonoManager ReloadAssembly
Native extension for WindowsStandalone target not found
Native extension for WebGL target not found
Refreshing native plugins compatible for Editor in 0.41 ms, found 0 plugins.
Preloading 0 native plugins for Editor in 0.00 ms.
Mono: successfully reloaded assembly
- Completed reload, in  0.803 seconds
Platform modules already initialized, skipping
Shader 'Universal Render Pipeline/Particles/Lit': fallback shader 'Universal Render Pipeline/Particles/SimpleLit' not found
Refreshing native plugins compatible for Editor in 0.40 ms, found 0 plugins.
Preloading 0 native plugins for Editor in 0.00 ms.
Unloading 2538 Unused Serialized files (Serialized files now loaded: 0)
System memory in use before: 127.7 MB.
System memory in use after: 127.5 MB.

Unloading 19 unused Assets to reduce memory usage. Loaded Objects now: 3555.
Total: 2.127200 ms (FindLiveObjects: 0.197000 ms CreateObjectMapping: 0.095600 ms MarkObjects: 1.711200 ms  DeleteObjects: 0.122800 ms)

========================================================================
Received Import Request.
  Time since last request: 1138.686673 seconds.
  path: Assets/Materials
  artifactKey: Guid(d0234ba368eeec9418390da711bfdad0) Importer(815301076,1909f56bfc062723c751e8b465ee728b)
Start importing Assets/Materials using Guid(d0234ba368eeec9418390da711bfdad0) Importer(815301076,1909f56bfc062723c751e8b465ee728b)  -> (artifact id: '22cb9259af4600ba7c4f91a9ad5dab8d') in 0.008551 seconds 
========================================================================
Received Import Request.
  Time since last request: 0.038918 seconds.
  path: Assets/Materials/Skybox_Mat.mat
  artifactKey: Guid(0ffaa0b7117ba8c47a9d05ae701d4b4d) Importer(815301076,1909f56bfc062723c751e8b465ee728b)
Start importing Assets/Materials/Skybox_Mat.mat using Guid(0ffaa0b7117ba8c47a9d05ae701d4b4d) Importer(815301076,1909f56bfc062723c751e8b465ee728b)  -> (artifact id: '2f2a3b6bede7151920243098a8a49d1c') in 0.155865 seconds 
========================================================================
Received Import Request.
  Time since last request: 23.771434 seconds.
  path: Packages/com.unity.render-pipelines.universal/Shaders/Lit.shader
  artifactKey: Guid(933532a4fcc9baf4fa0491de14d08ed7) Importer(815301076,1909f56bfc062723c751e8b465ee728b)
Start importing Packages/com.unity.render-pipelines.universal/Shaders/Lit.shader using Guid(933532a4fcc9baf4fa0491de14d08ed7) Importer(815301076,1909f56bfc062723c751e8b465ee728b)  -> (artifact id: '78754b8313a24b3f6629809d3791dc0c') in 0.006093 seconds 
========================================================================
Received Import Request.
  Time since last request: 0.009010 seconds.
  path: Packages/com.unity.render-pipelines.universal/Shaders/Unity.RenderPipelines.Universal.Shaders.asmdef
  artifactKey: Guid(b4517ec124862cb4bb3b8b27d72843a6) Importer(815301076,1909f56bfc062723c751e8b465ee728b)
Start importing Packages/com.unity.render-pipelines.universal/Shaders/Unity.RenderPipelines.Universal.Shaders.asmdef using Guid(b4517ec124862cb4bb3b8b27d72843a6) Importer(815301076,1909f56bfc062723c751e8b465ee728b)  -> (artifact id: 'f0b734d1f2f5be1ebcf91d8e1862ddb6') in 0.005954 seconds 
========================================================================
Received Import Request.
  Time since last request: 10.267002 seconds.
  path: Packages/com.unity.render-pipelines.universal/package.json
  artifactKey: Guid(30648b8d550465f4bb77f1e1afd0b37d) Importer(815301076,1909f56bfc062723c751e8b465ee728b)
Start importing Packages/com.unity.render-pipelines.universal/package.json using Guid(30648b8d550465f4bb77f1e1afd0b37d) Importer(815301076,1909f56bfc062723c751e8b465ee728b)  -> (artifact id: '103d1163cc25137ed397b0d8aaa2eda4') in 0.009232 seconds 
========================================================================
Received Import Request.
  Time since last request: 74.955834 seconds.
  path: Assets/Materials/New Material.mat
  artifactKey: Guid(93cd7fb755e6837438cff4adec091df9) Importer(815301076,1909f56bfc062723c751e8b465ee728b)
Start importing Assets/Materials/New Material.mat using Guid(93cd7fb755e6837438cff4adec091df9) Importer(815301076,1909f56bfc062723c751e8b465ee728b)  -> (artifact id: '25aaddf13d2eab191c5cb3b0a0c0c4b5') in 0.011435 seconds 
========================================================================
Received Prepare
Registering precompiled user dll's ...
Registered in 0.002293 seconds.
Begin MonoManager ReloadAssembly
Native extension for WindowsStandalone target not found
Native extension for WebGL target not found
Refreshing native plugins compatible for Editor in 0.42 ms, found 0 plugins.
Preloading 0 native plugins for Editor in 0.00 ms.
Mono: successfully reloaded assembly
- Completed reload, in  0.712 seconds
Platform modules already initialized, skipping
Shader 'Universal Render Pipeline/Particles/Lit': fallback shader 'Universal Render Pipeline/Particles/SimpleLit' not found
Refreshing native plugins compatible for Editor in 0.41 ms, found 0 plugins.
Preloading 0 native plugins for Editor in 0.00 ms.
Unloading 2538 Unused Serialized files (Serialized files now loaded: 0)
System memory in use before: 127.8 MB.
System memory in use after: 127.7 MB.

Unloading 19 unused Assets to reduce memory usage. Loaded Objects now: 3594.
Total: 2.147000 ms (FindLiveObjects: 0.220100 ms CreateObjectMapping: 0.097900 ms MarkObjects: 1.707000 ms  DeleteObjects: 0.121400 ms)

========================================================================
Received Prepare
Registering precompiled user dll's ...
Registered in 0.002443 seconds.
Begin MonoManager ReloadAssembly
Native extension for WindowsStandalone target not found
Native extension for WebGL target not found
Refreshing native plugins compatible for Editor in 0.43 ms, found 0 plugins.
Preloading 0 native plugins for Editor in 0.00 ms.
Mono: successfully reloaded assembly
- Completed reload, in  0.762 seconds
Platform modules already initialized, skipping
Shader 'Universal Render Pipeline/Particles/Lit': fallback shader 'Universal Render Pipeline/Particles/SimpleLit' not found
Refreshing native plugins compatible for Editor in 0.41 ms, found 0 plugins.
Preloading 0 native plugins for Editor in 0.00 ms.
Unloading 2538 Unused Serialized files (Serialized files now loaded: 0)
System memory in use before: 127.8 MB.
System memory in use after: 127.7 MB.

Unloading 19 unused Assets to reduce memory usage. Loaded Objects now: 3597.
Total: 2.272700 ms (FindLiveObjects: 0.222000 ms CreateObjectMapping: 0.098200 ms MarkObjects: 1.814900 ms  DeleteObjects: 0.136800 ms)

========================================================================
Received Prepare
Registering precompiled user dll's ...
Registered in 0.002351 seconds.
Begin MonoManager ReloadAssembly
Native extension for WindowsStandalone target not found
Native extension for WebGL target not found
Refreshing native plugins compatible for Editor in 0.43 ms, found 0 plugins.
Preloading 0 native plugins for Editor in 0.00 ms.
Mono: successfully reloaded assembly
- Completed reload, in  0.722 seconds
Platform modules already initialized, skipping
Shader 'Universal Render Pipeline/Particles/Lit': fallback shader 'Universal Render Pipeline/Particles/SimpleLit' not found
Refreshing native plugins compatible for Editor in 0.42 ms, found 0 plugins.
Preloading 0 native plugins for Editor in 0.00 ms.
Unloading 2538 Unused Serialized files (Serialized files now loaded: 0)
System memory in use before: 127.8 MB.
System memory in use after: 127.7 MB.

Unloading 19 unused Assets to reduce memory usage. Loaded Objects now: 3600.
Total: 2.324200 ms (FindLiveObjects: 0.221600 ms CreateObjectMapping: 0.082500 ms MarkObjects: 1.890200 ms  DeleteObjects: 0.129200 ms)

========================================================================
Received Prepare
Registering precompiled user dll's ...
Registered in 0.002179 seconds.
Begin MonoManager ReloadAssembly
Native extension for WindowsStandalone target not found
Native extension for WebGL target not found
Refreshing native plugins compatible for Editor in 0.40 ms, found 0 plugins.
Preloading 0 native plugins for Editor in 0.00 ms.
Mono: successfully reloaded assembly
- Completed reload, in  0.722 seconds
Platform modules already initialized, skipping
Shader 'Universal Render Pipeline/Particles/Lit': fallback shader 'Universal Render Pipeline/Particles/SimpleLit' not found
Refreshing native plugins compatible for Editor in 0.40 ms, found 0 plugins.
Preloading 0 native plugins for Editor in 0.00 ms.
Unloading 2538 Unused Serialized files (Serialized files now loaded: 0)
System memory in use before: 127.8 MB.
System memory in use after: 127.7 MB.

Unloading 19 unused Assets to reduce memory usage. Loaded Objects now: 3603.
Total: 2.307000 ms (FindLiveObjects: 0.230400 ms CreateObjectMapping: 0.088500 ms MarkObjects: 1.862800 ms  DeleteObjects: 0.124500 ms)

========================================================================
Received Prepare
Registering precompiled user dll's ...
Registered in 0.002219 seconds.
Begin MonoManager ReloadAssembly
Native extension for WindowsStandalone target not found
Native extension for WebGL target not found
Refreshing native plugins compatible for Editor in 0.40 ms, found 0 plugins.
Preloading 0 native plugins for Editor in 0.00 ms.
Mono: successfully reloaded assembly
- Completed reload, in  0.725 seconds
Platform modules already initialized, skipping
Shader 'Universal Render Pipeline/Particles/Lit': fallback shader 'Universal Render Pipeline/Particles/SimpleLit' not found
Refreshing native plugins compatible for Editor in 0.40 ms, found 0 plugins.
Preloading 0 native plugins for Editor in 0.00 ms.
Unloading 2538 Unused Serialized files (Serialized files now loaded: 0)
System memory in use before: 127.8 MB.
System memory in use after: 127.7 MB.

Unloading 19 unused Assets to reduce memory usage. Loaded Objects now: 3606.
Total: 2.370500 ms (FindLiveObjects: 0.218900 ms CreateObjectMapping: 0.085200 ms MarkObjects: 1.941200 ms  DeleteObjects: 0.124800 ms)

========================================================================
Received Prepare
Registering precompiled user dll's ...
Registered in 0.002253 seconds.
Begin MonoManager ReloadAssembly
Native extension for WindowsStandalone target not found
Native extension for WebGL target not found
Refreshing native plugins compatible for Editor in 0.45 ms, found 0 plugins.
Preloading 0 native plugins for Editor in 0.00 ms.
Mono: successfully reloaded assembly
- Completed reload, in  0.708 seconds
Platform modules already initialized, skipping
Shader 'Universal Render Pipeline/Particles/Lit': fallback shader 'Universal Render Pipeline/Particles/SimpleLit' not found
Refreshing native plugins compatible for Editor in 0.40 ms, found 0 plugins.
Preloading 0 native plugins for Editor in 0.00 ms.
Unloading 2538 Unused Serialized files (Serialized files now loaded: 0)
System memory in use before: 127.8 MB.
System memory in use after: 127.7 MB.

Unloading 19 unused Assets to reduce memory usage. Loaded Objects now: 3609.
Total: 2.224700 ms (FindLiveObjects: 0.223100 ms CreateObjectMapping: 0.096400 ms MarkObjects: 1.777200 ms  DeleteObjects: 0.127100 ms)

========================================================================
Received Prepare
Registering precompiled user dll's ...
Registered in 0.002239 seconds.
Begin MonoManager ReloadAssembly
Native extension for WindowsStandalone target not found
Native extension for WebGL target not found
Refreshing native plugins compatible for Editor in 0.41 ms, found 0 plugins.
Preloading 0 native plugins for Editor in 0.00 ms.
Mono: successfully reloaded assembly
- Completed reload, in  0.714 seconds
Platform modules already initialized, skipping
Shader 'Universal Render Pipeline/Particles/Lit': fallback shader 'Universal Render Pipeline/Particles/SimpleLit' not found
Refreshing native plugins compatible for Editor in 0.44 ms, found 0 plugins.
Preloading 0 native plugins for Editor in 0.00 ms.
Unloading 2538 Unused Serialized files (Serialized files now loaded: 0)
System memory in use before: 127.8 MB.
System memory in use after: 127.7 MB.

Unloading 19 unused Assets to reduce memory usage. Loaded Objects now: 3612.
Total: 2.263900 ms (FindLiveObjects: 0.219300 ms CreateObjectMapping: 0.082500 ms MarkObjects: 1.838800 ms  DeleteObjects: 0.122500 ms)

========================================================================
Received Prepare
Registering precompiled user dll's ...
Registered in 0.002309 seconds.
Begin MonoManager ReloadAssembly
Native extension for WindowsStandalone target not found
Native extension for WebGL target not found
Refreshing native plugins compatible for Editor in 0.40 ms, found 0 plugins.
Preloading 0 native plugins for Editor in 0.00 ms.
Mono: successfully reloaded assembly
- Completed reload, in  0.743 seconds
Platform modules already initialized, skipping
Shader 'Universal Render Pipeline/Particles/Lit': fallback shader 'Universal Render Pipeline/Particles/SimpleLit' not found
Refreshing native plugins compatible for Editor in 0.43 ms, found 0 plugins.
Preloading 0 native plugins for Editor in 0.00 ms.
Unloading 2538 Unused Serialized files (Serialized files now loaded: 0)
System memory in use before: 127.8 MB.
System memory in use after: 127.7 MB.

Unloading 19 unused Assets to reduce memory usage. Loaded Objects now: 3615.
Total: 3.248200 ms (FindLiveObjects: 0.266900 ms CreateObjectMapping: 0.114600 ms MarkObjects: 2.687000 ms  DeleteObjects: 0.178800 ms)

========================================================================
Received Prepare
Registering precompiled user dll's ...
Registered in 0.002400 seconds.
Begin MonoManager ReloadAssembly
Native extension for WindowsStandalone target not found
Native extension for WebGL target not found
Refreshing native plugins compatible for Editor in 0.44 ms, found 0 plugins.
Preloading 0 native plugins for Editor in 0.00 ms.
Mono: successfully reloaded assembly
- Completed reload, in  0.770 seconds
Platform modules already initialized, skipping
Shader 'Universal Render Pipeline/Particles/Lit': fallback shader 'Universal Render Pipeline/Particles/SimpleLit' not found
Refreshing native plugins compatible for Editor in 0.41 ms, found 0 plugins.
Preloading 0 native plugins for Editor in 0.00 ms.
Unloading 2538 Unused Serialized files (Serialized files now loaded: 0)
System memory in use before: 127.9 MB.
System memory in use after: 127.7 MB.

Unloading 19 unused Assets to reduce memory usage. Loaded Objects now: 3618.
Total: 2.207300 ms (FindLiveObjects: 0.220700 ms CreateObjectMapping: 0.102600 ms MarkObjects: 1.754100 ms  DeleteObjects: 0.129100 ms)

AssetImportWorkerClient::OnTransportError - code=2 error=End of file
